[2026-06-16 16:51:41,725: INFO: main: >>>>>> stage Data Ingestion stage started <<<<<<]
[2026-06-16 16:51:41,735: INFO: common: yaml file: config\config.yaml loaded successfully]
[2026-06-16 16:51:41,736: INFO: common: yaml file: params.yaml loaded successfully]
[2026-06-16 16:51:41,738: INFO: common: yaml file: schema.yaml loaded successfully]
[2026-06-16 16:51:41,738: INFO: common: created directory at: artifacts_root]
[2026-06-16 16:51:41,741: INFO: common: created directory at: artifacts/data_ingestion]
[2026-06-16 16:51:43,220: INFO: data_ingestion: artifacts/data_ingestion/data.zip download! with the following info: 
Connection: close
Content-Length: 21984
Cache-Control: max-age=300
Content-Security-Policy: default-src 'none'; style-src 'unsafe-inline'; sandbox
Content-Type: application/zip
ETag: "85a38be3d4c70e3b6dc97fc47873623da88c9b850e1526aeb57ff236bdd2815c"
Strict-Transport-Security: max-age=31536000
X-Content-Type-Options: nosniff
X-Frame-Options: deny
X-XSS-Protection: 1; mode=block
X-GitHub-Request-Id: 38BE:1B5955:3DEDBE:498361:6A3131C6
Accept-Ranges: bytes
Date: Tue, 16 Jun 2026 11:21:43 GMT
Via: 1.1 varnish
X-Served-By: cache-del-vibw2260025-DEL
X-Cache: MISS
X-Cache-Hits: 0
X-Timer: S1781608903.738555,VS0,VE384
Vary: Authorization,Accept-Encoding
Access-Control-Allow-Origin: *
Cross-Origin-Resource-Policy: cross-origin
X-Fastly-Request-ID: 6adafed381bf9d64f7bfb6b3f0e474d4417b181a
Expires: Tue, 16 Jun 2026 11:26:43 GMT
Source-Age: 0

]
[2026-06-16 16:51:43,228: INFO: main: >>>>>> stage Data Ingestion stage completed <<<<<<

x==========x]
[2026-06-16 18:30:32,858: INFO: common: yaml file: config\config.yaml loaded successfully]
[2026-06-16 18:30:32,860: INFO: common: yaml file: params.yaml loaded successfully]
[2026-06-16 18:30:32,864: INFO: common: yaml file: schema.yaml loaded successfully]
[2026-06-16 18:30:32,866: INFO: common: created directory at: artifacts]
[2026-06-16 18:30:32,867: INFO: common: created directory at: artifacts/data_validation]
[2026-06-16 18:33:02,105: INFO: common: yaml file: config\config.yaml loaded successfully]
[2026-06-16 18:33:02,105: INFO: common: yaml file: params.yaml loaded successfully]
[2026-06-16 18:33:02,105: INFO: common: yaml file: schema.yaml loaded successfully]
[2026-06-16 18:33:02,114: INFO: common: created directory at: artifacts]
[2026-06-16 18:33:02,114: INFO: common: created directory at: artifacts/data_validation]
[2026-06-16 18:37:00,256: INFO: common: yaml file: config\config.yaml loaded successfully]
[2026-06-16 18:37:00,258: INFO: common: yaml file: params.yaml loaded successfully]
[2026-06-16 18:37:00,260: INFO: common: yaml file: schema.yaml loaded successfully]
[2026-06-16 18:37:00,262: INFO: common: created directory at: artifacts]
[2026-06-16 18:37:00,263: INFO: common: created directory at: artifacts/data_validation]
[2026-06-16 18:37:23,312: INFO: common: yaml file: config\config.yaml loaded successfully]
[2026-06-16 18:37:23,313: INFO: common: yaml file: params.yaml loaded successfully]
[2026-06-16 18:37:23,316: INFO: common: yaml file: schema.yaml loaded successfully]
[2026-06-16 18:37:23,317: INFO: common: created directory at: artifacts]
[2026-06-16 18:37:23,318: INFO: common: created directory at: artifacts/data_validation]
[2026-06-16 18:47:47,950: INFO: common: yaml file: config\config.yaml loaded successfully]
[2026-06-16 18:47:47,953: INFO: common: yaml file: params.yaml loaded successfully]
[2026-06-16 18:47:47,955: INFO: common: yaml file: schema.yaml loaded successfully]
[2026-06-16 18:47:47,956: INFO: common: created directory at: artifacts]
[2026-06-16 18:47:47,957: INFO: common: created directory at: artifacts/data_validation]
[2026-06-16 18:54:27,421: INFO: common: yaml file: config\config.yaml loaded successfully]
[2026-06-16 18:54:27,422: INFO: common: yaml file: params.yaml loaded successfully]
[2026-06-16 18:54:27,425: INFO: common: yaml file: schema.yaml loaded successfully]
[2026-06-16 18:54:27,436: INFO: common: created directory at: artifacts]
[2026-06-16 18:54:27,438: INFO: common: created directory at: artifacts/data_validation]
[2026-06-17 16:15:53,548: INFO: main: >>>>>> stage Data Ingestion stage started <<<<<<]
[2026-06-17 16:15:53,549: INFO: common: yaml file: config\config.yaml loaded successfully]
[2026-06-17 16:15:53,550: INFO: common: yaml file: params.yaml loaded successfully]
[2026-06-17 16:15:53,551: INFO: common: yaml file: schema.yaml loaded successfully]
[2026-06-17 16:15:53,551: INFO: common: created directory at: artifacts]
[2026-06-17 16:15:53,552: INFO: common: created directory at: artifacts/data_ingestion]
[2026-06-17 16:15:54,812: INFO: data_ingestion: artifacts/data_ingestion/data.zip download! with the following info: 
Connection: close
Content-Length: 21984
Cache-Control: max-age=300
Content-Security-Policy: default-src 'none'; style-src 'unsafe-inline'; sandbox
Content-Type: application/zip
ETag: "85a38be3d4c70e3b6dc97fc47873623da88c9b850e1526aeb57ff236bdd2815c"
Strict-Transport-Security: max-age=31536000
X-Content-Type-Options: nosniff
X-Frame-Options: deny
X-XSS-Protection: 1; mode=block
X-GitHub-Request-Id: B564:2EA34E:D1777:1E600C:6A327AE2
Accept-Ranges: bytes
Date: Wed, 17 Jun 2026 10:45:55 GMT
Via: 1.1 varnish
X-Served-By: cache-ccu830042-CCU
X-Cache: MISS
X-Cache-Hits: 0
X-Timer: S1781693155.654407,VS0,VE350
Vary: Authorization,Accept-Encoding
Access-Control-Allow-Origin: *
Cross-Origin-Resource-Policy: cross-origin
X-Fastly-Request-ID: 935e6fdf41c43b5c41792a7ef416f268ed873ffe
Expires: Wed, 17 Jun 2026 10:50:55 GMT
Source-Age: 0

]
[2026-06-17 16:15:54,816: INFO: main: >>>>>> stage Data Ingestion stage completed <<<<<<

x==========x]
[2026-06-17 16:15:54,816: INFO: main: >>>>>> stage Data Validation stage started <<<<<<]
[2026-06-17 16:15:54,819: INFO: common: yaml file: config\config.yaml loaded successfully]
[2026-06-17 16:15:54,819: INFO: common: yaml file: params.yaml loaded successfully]
[2026-06-17 16:15:54,822: INFO: common: yaml file: schema.yaml loaded successfully]
[2026-06-17 16:15:54,823: INFO: common: created directory at: artifacts]
[2026-06-17 16:15:54,824: INFO: common: created directory at: artifacts/data_validation]
[2026-06-17 16:15:54,840: INFO: main: >>>>>> stage Data Validation stage completed <<<<<<

x==========x]
[2026-06-17 17:34:52,990: INFO: common: yaml file: config\config.yaml loaded successfully]
[2026-06-17 17:34:52,992: INFO: common: yaml file: params.yaml loaded successfully]
[2026-06-17 17:34:52,994: INFO: common: yaml file: schema.yaml loaded successfully]
[2026-06-17 17:34:52,995: INFO: common: created directory at: artifacts]
[2026-06-17 17:34:52,996: INFO: common: created directory at: artifacts/data_transformation]
[2026-06-17 17:38:19,121: INFO: common: yaml file: config\config.yaml loaded successfully]
[2026-06-17 17:38:19,122: INFO: common: yaml file: params.yaml loaded successfully]
[2026-06-17 17:38:19,125: INFO: common: yaml file: schema.yaml loaded successfully]
[2026-06-17 17:38:19,126: INFO: common: created directory at: artifacts]
[2026-06-17 17:38:19,127: INFO: common: created directory at: artifacts/data_transformation]
[2026-06-17 17:38:19,152: INFO: 4023367001: splited data into training and test sets]
[2026-06-17 17:38:19,167: INFO: 4023367001: (857, 13)]
[2026-06-17 17:38:19,168: INFO: 4023367001: (286, 13)]
[2026-06-17 17:59:17,581: INFO: main: >>>>>> stage Data Ingestion stage started <<<<<<]
[2026-06-17 17:59:17,584: INFO: common: yaml file: config\config.yaml loaded successfully]
[2026-06-17 17:59:17,585: INFO: common: yaml file: params.yaml loaded successfully]
[2026-06-17 17:59:17,587: INFO: common: yaml file: schema.yaml loaded successfully]
[2026-06-17 17:59:17,588: INFO: common: created directory at: artifacts]
[2026-06-17 17:59:17,588: INFO: common: created directory at: artifacts/data_ingestion]
[2026-06-17 17:59:18,765: INFO: data_ingestion: artifacts/data_ingestion/data.zip download! with the following info: 
Connection: close
Content-Length: 21984
Cache-Control: max-age=300
Content-Security-Policy: default-src 'none'; style-src 'unsafe-inline'; sandbox
Content-Type: application/zip
ETag: "85a38be3d4c70e3b6dc97fc47873623da88c9b850e1526aeb57ff236bdd2815c"
Strict-Transport-Security: max-age=31536000
X-Content-Type-Options: nosniff
X-Frame-Options: deny
X-XSS-Protection: 1; mode=block
X-GitHub-Request-Id: CD9A:2603C4:F91B7:23616B:6A32931D
Accept-Ranges: bytes
Date: Wed, 17 Jun 2026 12:29:18 GMT
Via: 1.1 varnish
X-Served-By: cache-ccu830055-CCU
X-Cache: MISS
X-Cache-Hits: 0
X-Timer: S1781699359.665093,VS0,VE323
Vary: Authorization,Accept-Encoding
Access-Control-Allow-Origin: *
Cross-Origin-Resource-Policy: cross-origin
X-Fastly-Request-ID: 22d5c4d40a81c5e60c67e1841086bca0e47d7de0
Expires: Wed, 17 Jun 2026 12:34:18 GMT
Source-Age: 0

]
[2026-06-17 17:59:18,767: INFO: main: >>>>>> stage Data Ingestion stage completed <<<<<<

x==========x]
[2026-06-17 17:59:18,767: INFO: main: >>>>>> stage Data Validation stage started <<<<<<]
[2026-06-17 17:59:18,770: INFO: common: yaml file: config\config.yaml loaded successfully]
[2026-06-17 17:59:18,770: INFO: common: yaml file: params.yaml loaded successfully]
[2026-06-17 17:59:18,773: INFO: common: yaml file: schema.yaml loaded successfully]
[2026-06-17 17:59:18,774: INFO: common: created directory at: artifacts]
[2026-06-17 17:59:18,774: INFO: common: created directory at: artifacts/data_validation]
[2026-06-17 17:59:18,781: INFO: main: >>>>>> stage Data Validation stage completed <<<<<<

x==========x]
[2026-06-17 17:59:18,781: INFO: main: >>>>>> stage Data Transformation stage started <<<<<<]
[2026-06-17 17:59:18,783: INFO: common: yaml file: config\config.yaml loaded successfully]
[2026-06-17 17:59:18,785: INFO: common: yaml file: params.yaml loaded successfully]
[2026-06-17 17:59:18,787: INFO: common: yaml file: schema.yaml loaded successfully]
[2026-06-17 17:59:18,788: INFO: common: created directory at: artifacts]
[2026-06-17 17:59:18,788: INFO: common: created directory at: artifacts/data_transformation]
[2026-06-17 17:59:18,808: INFO: data_transformation: splited data into training and test sets]
[2026-06-17 17:59:18,809: INFO: data_transformation: (857, 13)]
[2026-06-17 17:59:18,809: INFO: data_transformation: (286, 13)]
[2026-06-17 17:59:18,809: INFO: main: >>>>>> stage Data Transformation stage completed <<<<<<

x==========x]
